<?xml version="1.0" encoding="UTF-8"?>
<!-- Generated by org.testng.reporters.JUnitReportReporter -->
<testsuite hostname="DESKTOP-F1Q0CSU" failures="0" tests="35" name="VisitorManagement.EndToEndTest_visitorManagement" time="26.074" errors="3" timestamp="2021-07-31T14:52:09 IST" skipped="32">
  <testcase classname="VisitorManagement.EndToEndTest_visitorManagement" name="visitManagemet_UpdateReceptionist" time="9.628">
    <skipped/>
  </testcase> <!-- visitManagemet_UpdateReceptionist -->
  <system-out/>
  <testcase classname="VisitorManagement.EndToEndTest_visitorManagement" name="setupMethod" time="16.430">
    <error message="no such window: target window already closed
from unknown error: web view not found
  (Session info: chrome=92.0.4515.107)
Build info: version: &#039;4.0.0-alpha-6&#039;, revision: &#039;5f43a29cfc&#039;
System info: host: &#039;DESKTOP-F1Q0CSU&#039;, ip: &#039;192.168.8.186&#039;, os.name: &#039;Windows 10&#039;, os.arch: &#039;amd64&#039;, os.version: &#039;10.0&#039;, java.version: &#039;15.0.2&#039;
Driver info: org.openqa.selenium.chrome.ChromeDriver
Capabilities {acceptInsecureCerts: false, browserName: chrome, browserVersion: 92.0.4515.107, chrome: {chromedriverVersion: 92.0.4515.43 (8c61b7e2989f2..., userDataDir: C:\Users\Danudi\AppData\Loc...}, goog:chromeOptions: {debuggerAddress: localhost:4792}, javascriptEnabled: true, networkConnectionEnabled: false, pageLoadStrategy: normal, platform: WINDOWS, platformName: WINDOWS, proxy: Proxy(), setWindowRect: true, strictFileInteractability: false, timeouts: {implicit: 0, pageLoad: 300000, script: 30000}, unhandledPromptBehavior: dismiss and notify, webauthn:extension:credBlob: true, webauthn:extension:largeBlob: true, webauthn:virtualAuthenticators: true}
Session ID: 720f356dff9e490879f02e14db258d7a" type="org.openqa.selenium.NoSuchWindowException">
      <![CDATA[org.openqa.selenium.NoSuchWindowException: no such window: target window already closed
from unknown error: web view not found
  (Session info: chrome=92.0.4515.107)
Build info: version: '4.0.0-alpha-6', revision: '5f43a29cfc'
System info: host: 'DESKTOP-F1Q0CSU', ip: '192.168.8.186', os.name: 'Windows 10', os.arch: 'amd64', os.version: '10.0', java.version: '15.0.2'
Driver info: org.openqa.selenium.chrome.ChromeDriver
Capabilities {acceptInsecureCerts: false, browserName: chrome, browserVersion: 92.0.4515.107, chrome: {chromedriverVersion: 92.0.4515.43 (8c61b7e2989f2..., userDataDir: C:\Users\Danudi\AppData\Loc...}, goog:chromeOptions: {debuggerAddress: localhost:4792}, javascriptEnabled: true, networkConnectionEnabled: false, pageLoadStrategy: normal, platform: WINDOWS, platformName: WINDOWS, proxy: Proxy(), setWindowRect: true, strictFileInteractability: false, timeouts: {implicit: 0, pageLoad: 300000, script: 30000}, unhandledPromptBehavior: dismiss and notify, webauthn:extension:credBlob: true, webauthn:extension:largeBlob: true, webauthn:virtualAuthenticators: true}
Session ID: 720f356dff9e490879f02e14db258d7a
at java.base/jdk.internal.reflect.NativeConstructorAccessorImpl.newInstance0(Native Method)
at java.base/jdk.internal.reflect.NativeConstructorAccessorImpl.newInstance(NativeConstructorAccessorImpl.java:64)
at java.base/jdk.internal.reflect.DelegatingConstructorAccessorImpl.newInstance(DelegatingConstructorAccessorImpl.java:45)
at java.base/java.lang.reflect.Constructor.newInstanceWithCaller(Constructor.java:500)
at java.base/java.lang.reflect.Constructor.newInstance(Constructor.java:481)
at org.openqa.selenium.remote.codec.w3c.W3CHttpResponseCodec.createException(W3CHttpResponseCodec.java:196)
at org.openqa.selenium.remote.codec.w3c.W3CHttpResponseCodec.decode(W3CHttpResponseCodec.java:129)
at org.openqa.selenium.remote.codec.w3c.W3CHttpResponseCodec.decode(W3CHttpResponseCodec.java:53)
at org.openqa.selenium.remote.HttpCommandExecutor.execute(HttpCommandExecutor.java:160)
at org.openqa.selenium.remote.service.DriverCommandExecutor.execute(DriverCommandExecutor.java:83)
at org.openqa.selenium.remote.RemoteWebDriver.execute(RemoteWebDriver.java:582)
at org.openqa.selenium.remote.RemoteWebDriver.execute(RemoteWebDriver.java:639)
at org.openqa.selenium.remote.RemoteExecuteMethod.execute(RemoteExecuteMethod.java:36)
at org.openqa.selenium.remote.html5.RemoteLocalStorage.setItem(RemoteLocalStorage.java:58)
at testBase.TestBase.LaunchBrowserAndNAvigation(TestBase.java:50)
at testBase.TestBase.setupMethod(TestBase.java:58)
at java.base/jdk.internal.reflect.NativeMethodAccessorImpl.invoke0(Native Method)
at java.base/jdk.internal.reflect.NativeMethodAccessorImpl.invoke(NativeMethodAccessorImpl.java:64)
at java.base/jdk.internal.reflect.DelegatingMethodAccessorImpl.invoke(DelegatingMethodAccessorImpl.java:43)
at java.base/java.lang.reflect.Method.invoke(Method.java:564)
at org.testng.internal.MethodInvocationHelper.invokeMethod(MethodInvocationHelper.java:134)
at org.testng.internal.MethodInvocationHelper.invokeMethodConsideringTimeout(MethodInvocationHelper.java:63)
at org.testng.internal.ConfigInvoker.invokeConfigurationMethod(ConfigInvoker.java:348)
at org.testng.internal.ConfigInvoker.invokeConfigurations(ConfigInvoker.java:302)
at org.testng.internal.TestInvoker.runConfigMethods(TestInvoker.java:695)
at org.testng.internal.TestInvoker.invokeMethod(TestInvoker.java:523)
at org.testng.internal.TestInvoker.invokeTestMethod(TestInvoker.java:173)
at org.testng.internal.MethodRunner.runInSequence(MethodRunner.java:46)
at org.testng.internal.TestInvoker$MethodInvocationAgent.invoke(TestInvoker.java:816)
at org.testng.internal.TestInvoker.invokeTestMethods(TestInvoker.java:146)
at org.testng.internal.TestMethodWorker.invokeTestMethods(TestMethodWorker.java:146)
at org.testng.internal.TestMethodWorker.run(TestMethodWorker.java:128)
at java.base/java.util.ArrayList.forEach(ArrayList.java:1511)
at org.testng.TestRunner.privateRun(TestRunner.java:766)
at org.testng.TestRunner.run(TestRunner.java:587)
at org.testng.SuiteRunner.runTest(SuiteRunner.java:384)
at org.testng.SuiteRunner.runSequentially(SuiteRunner.java:378)
at org.testng.SuiteRunner.privateRun(SuiteRunner.java:337)
at org.testng.SuiteRunner.run(SuiteRunner.java:286)
at org.testng.SuiteRunnerWorker.runSuite(SuiteRunnerWorker.java:53)
at org.testng.SuiteRunnerWorker.run(SuiteRunnerWorker.java:96)
at org.testng.TestNG.runSuitesSequentially(TestNG.java:1187)
at org.testng.TestNG.runSuitesLocally(TestNG.java:1109)
at org.testng.TestNG.runSuites(TestNG.java:1039)
at org.testng.TestNG.run(TestNG.java:1007)
at org.testng.remote.AbstractRemoteTestNG.run(AbstractRemoteTestNG.java:115)
at org.testng.remote.RemoteTestNG.initAndRun(RemoteTestNG.java:251)
at org.testng.remote.RemoteTestNG.main(RemoteTestNG.java:77)
]]>
    </error>
  </testcase> <!-- setupMethod -->
  <system-out/>
  <testcase classname="VisitorManagement.EndToEndTest_visitorManagement" name="visitorManagement_CheckedInVisitorTable" time="0.000">
    <skipped/>
  </testcase> <!-- visitorManagement_CheckedInVisitorTable -->
  <system-out/>
  <testcase classname="VisitorManagement.EndToEndTest_visitorManagement" name="visitorManagement_CheckedInVisitors" time="0.000">
    <skipped/>
  </testcase> <!-- visitorManagement_CheckedInVisitors -->
  <system-out/>
  <testcase classname="VisitorManagement.EndToEndTest_visitorManagement" name="VisitorManagement_UpdateFloor" time="0.000">
    <skipped/>
  </testcase> <!-- VisitorManagement_UpdateFloor -->
  <system-out/>
  <testcase classname="VisitorManagement.EndToEndTest_visitorManagement" name="visitormanagement_EditStaff" time="0.000">
    <skipped/>
  </testcase> <!-- visitormanagement_EditStaff -->
  <system-out/>
  <testcase classname="VisitorManagement.EndToEndTest_visitorManagement" name="visitManagement_OverdueCheckedIn" time="0.000">
    <skipped/>
  </testcase> <!-- visitManagement_OverdueCheckedIn -->
  <system-out/>
  <testcase classname="VisitorManagement.EndToEndTest_visitorManagement" name="visitManagement_OverdueCheckedIn" time="0.000">
    <skipped/>
  </testcase> <!-- visitManagement_OverdueCheckedIn -->
  <system-out/>
  <testcase classname="VisitorManagement.EndToEndTest_visitorManagement" name="visitmanagement_ManageBuildings" time="0.000">
    <skipped/>
  </testcase> <!-- visitmanagement_ManageBuildings -->
  <system-out/>
  <testcase classname="VisitorManagement.EndToEndTest_visitorManagement" name="VisitorManagement_AddBuilding" time="0.013">
    <error message="Cannot invoke &quot;com.aventstack.extentreports.ExtentTest.log(com.aventstack.extentreports.Status, String)&quot; because &quot;VisitorManagement.EndToEndTest_visitorManagement.test&quot; is null" type="java.lang.NullPointerException">
      <![CDATA[java.lang.NullPointerException: Cannot invoke "com.aventstack.extentreports.ExtentTest.log(com.aventstack.extentreports.Status, String)" because "VisitorManagement.EndToEndTest_visitorManagement.test" is null
at VisitorManagement.EndToEndTest_visitorManagement.VisitorManagement_AddBuilding(EndToEndTest_visitorManagement.java:130)
at java.base/jdk.internal.reflect.NativeMethodAccessorImpl.invoke0(Native Method)
at java.base/jdk.internal.reflect.NativeMethodAccessorImpl.invoke(NativeMethodAccessorImpl.java:64)
at java.base/jdk.internal.reflect.DelegatingMethodAccessorImpl.invoke(DelegatingMethodAccessorImpl.java:43)
at java.base/java.lang.reflect.Method.invoke(Method.java:564)
at org.testng.internal.MethodInvocationHelper.invokeMethod(MethodInvocationHelper.java:134)
at org.testng.internal.TestInvoker.invokeMethod(TestInvoker.java:597)
at org.testng.internal.TestInvoker.invokeTestMethod(TestInvoker.java:173)
at org.testng.internal.MethodRunner.runInSequence(MethodRunner.java:46)
at org.testng.internal.TestInvoker$MethodInvocationAgent.invoke(TestInvoker.java:816)
at org.testng.internal.TestInvoker.invokeTestMethods(TestInvoker.java:146)
at org.testng.internal.TestMethodWorker.invokeTestMethods(TestMethodWorker.java:146)
at org.testng.internal.TestMethodWorker.run(TestMethodWorker.java:128)
at java.base/java.util.ArrayList.forEach(ArrayList.java:1511)
at org.testng.TestRunner.privateRun(TestRunner.java:766)
at org.testng.TestRunner.run(TestRunner.java:587)
at org.testng.SuiteRunner.runTest(SuiteRunner.java:384)
at org.testng.SuiteRunner.runSequentially(SuiteRunner.java:378)
at org.testng.SuiteRunner.privateRun(SuiteRunner.java:337)
at org.testng.SuiteRunner.run(SuiteRunner.java:286)
at org.testng.SuiteRunnerWorker.runSuite(SuiteRunnerWorker.java:53)
at org.testng.SuiteRunnerWorker.run(SuiteRunnerWorker.java:96)
at org.testng.TestNG.runSuitesSequentially(TestNG.java:1187)
at org.testng.TestNG.runSuitesLocally(TestNG.java:1109)
at org.testng.TestNG.runSuites(TestNG.java:1039)
at org.testng.TestNG.run(TestNG.java:1007)
at org.testng.remote.AbstractRemoteTestNG.run(AbstractRemoteTestNG.java:115)
at org.testng.remote.RemoteTestNG.initAndRun(RemoteTestNG.java:251)
at org.testng.remote.RemoteTestNG.main(RemoteTestNG.java:77)
]]>
    </error>
  </testcase> <!-- VisitorManagement_AddBuilding -->
  <system-out/>
  <testcase classname="VisitorManagement.EndToEndTest_visitorManagement" name="visitorManagement_CheckInVisitors" time="0.000">
    <skipped/>
  </testcase> <!-- visitorManagement_CheckInVisitors -->
  <system-out/>
  <testcase classname="VisitorManagement.EndToEndTest_visitorManagement" name="VisitorManagement_AddFloor" time="0.000">
    <skipped/>
  </testcase> <!-- VisitorManagement_AddFloor -->
  <system-out/>
  <testcase classname="VisitorManagement.EndToEndTest_visitorManagement" name="VisitorManagement_UpdateBuilding" time="0.000">
    <skipped/>
  </testcase> <!-- VisitorManagement_UpdateBuilding -->
  <system-out/>
  <testcase classname="VisitorManagement.EndToEndTest_visitorManagement" name="visitorManagement_CheckInVisitors" time="0.000">
    <skipped/>
  </testcase> <!-- visitorManagement_CheckInVisitors -->
  <system-out/>
  <testcase classname="VisitorManagement.EndToEndTest_visitorManagement" name="visitmanagement_ManageBuildings" time="0.000">
    <skipped/>
  </testcase> <!-- visitmanagement_ManageBuildings -->
  <system-out/>
  <testcase classname="VisitorManagement.EndToEndTest_visitorManagement" name="visitorManagement_CheckedInVisitors" time="0.000">
    <skipped/>
  </testcase> <!-- visitorManagement_CheckedInVisitors -->
  <system-out/>
  <testcase classname="VisitorManagement.EndToEndTest_visitorManagement" name="visitManagement_AddReceptionist" time="0.000">
    <skipped/>
  </testcase> <!-- visitManagement_AddReceptionist -->
  <system-out/>
  <testcase classname="VisitorManagement.EndToEndTest_visitorManagement" name="VisitorManagement_DeleteFloor" time="0.000">
    <skipped/>
  </testcase> <!-- VisitorManagement_DeleteFloor -->
  <system-out/>
  <testcase classname="VisitorManagement.EndToEndTest_visitorManagement" name="VisitorManagement_UpdateFloor" time="0.000">
    <skipped/>
  </testcase> <!-- VisitorManagement_UpdateFloor -->
  <system-out/>
  <testcase classname="VisitorManagement.EndToEndTest_visitorManagement" name="visitormanagement_EditStaff" time="0.000">
    <skipped/>
  </testcase> <!-- visitormanagement_EditStaff -->
  <system-out/>
  <testcase classname="VisitorManagement.EndToEndTest_visitorManagement" name="visitorManagement_AddStaff" time="0.000">
    <skipped/>
  </testcase> <!-- visitorManagement_AddStaff -->
  <system-out/>
  <testcase classname="VisitorManagement.EndToEndTest_visitorManagement" name="VisitorManagement_AddBuilding" time="0.002">
    <error message="Cannot invoke &quot;com.aventstack.extentreports.ExtentTest.log(com.aventstack.extentreports.Status, String)&quot; because &quot;VisitorManagement.EndToEndTest_visitorManagement.test&quot; is null" type="java.lang.NullPointerException">
      <![CDATA[java.lang.NullPointerException: Cannot invoke "com.aventstack.extentreports.ExtentTest.log(com.aventstack.extentreports.Status, String)" because "VisitorManagement.EndToEndTest_visitorManagement.test" is null
at VisitorManagement.EndToEndTest_visitorManagement.VisitorManagement_AddBuilding(EndToEndTest_visitorManagement.java:130)
at java.base/jdk.internal.reflect.NativeMethodAccessorImpl.invoke0(Native Method)
at java.base/jdk.internal.reflect.NativeMethodAccessorImpl.invoke(NativeMethodAccessorImpl.java:64)
at java.base/jdk.internal.reflect.DelegatingMethodAccessorImpl.invoke(DelegatingMethodAccessorImpl.java:43)
at java.base/java.lang.reflect.Method.invoke(Method.java:564)
at org.testng.internal.MethodInvocationHelper.invokeMethod(MethodInvocationHelper.java:134)
at org.testng.internal.TestInvoker.invokeMethod(TestInvoker.java:597)
at org.testng.internal.TestInvoker.invokeTestMethod(TestInvoker.java:173)
at org.testng.internal.MethodRunner.runInSequence(MethodRunner.java:46)
at org.testng.internal.TestInvoker$MethodInvocationAgent.invoke(TestInvoker.java:816)
at org.testng.internal.TestInvoker.invokeTestMethods(TestInvoker.java:146)
at org.testng.internal.TestMethodWorker.invokeTestMethods(TestMethodWorker.java:146)
at org.testng.internal.TestMethodWorker.run(TestMethodWorker.java:128)
at java.base/java.util.ArrayList.forEach(ArrayList.java:1511)
at org.testng.TestRunner.privateRun(TestRunner.java:766)
at org.testng.TestRunner.run(TestRunner.java:587)
at org.testng.SuiteRunner.runTest(SuiteRunner.java:384)
at org.testng.SuiteRunner.runSequentially(SuiteRunner.java:378)
at org.testng.SuiteRunner.privateRun(SuiteRunner.java:337)
at org.testng.SuiteRunner.run(SuiteRunner.java:286)
at org.testng.SuiteRunnerWorker.runSuite(SuiteRunnerWorker.java:53)
at org.testng.SuiteRunnerWorker.run(SuiteRunnerWorker.java:96)
at org.testng.TestNG.runSuitesSequentially(TestNG.java:1187)
at org.testng.TestNG.runSuitesLocally(TestNG.java:1109)
at org.testng.TestNG.runSuites(TestNG.java:1039)
at org.testng.TestNG.run(TestNG.java:1007)
at org.testng.remote.AbstractRemoteTestNG.run(AbstractRemoteTestNG.java:115)
at org.testng.remote.RemoteTestNG.initAndRun(RemoteTestNG.java:251)
at org.testng.remote.RemoteTestNG.main(RemoteTestNG.java:77)
]]>
    </error>
  </testcase> <!-- VisitorManagement_AddBuilding -->
  <system-out/>
  <testcase classname="VisitorManagement.EndToEndTest_visitorManagement" name="VisitorManagement_DeleteBuilding" time="0.000">
    <skipped/>
  </testcase> <!-- VisitorManagement_DeleteBuilding -->
  <system-out/>
  <testcase classname="VisitorManagement.EndToEndTest_visitorManagement" name="VisitorManagement_AddFloor" time="0.000">
    <skipped/>
  </testcase> <!-- VisitorManagement_AddFloor -->
  <system-out/>
  <testcase classname="VisitorManagement.EndToEndTest_visitorManagement" name="VisitorManagement_UpdateBuilding" time="0.001">
    <skipped/>
  </testcase> <!-- VisitorManagement_UpdateBuilding -->
  <system-out/>
  <testcase classname="VisitorManagement.EndToEndTest_visitorManagement" name="visitorManagement_CheckedOutVisitors" time="0.000">
    <skipped/>
  </testcase> <!-- visitorManagement_CheckedOutVisitors -->
  <system-out/>
  <testcase classname="VisitorManagement.EndToEndTest_visitorManagement" name="visitorManagement_CheckedInVisitors" time="0.000">
    <skipped/>
  </testcase> <!-- visitorManagement_CheckedInVisitors -->
  <system-out/>
  <testcase classname="VisitorManagement.EndToEndTest_visitorManagement" name="visitorManagement_CheckedOutVisitors" time="0.000">
    <skipped/>
  </testcase> <!-- visitorManagement_CheckedOutVisitors -->
  <system-out/>
  <testcase classname="VisitorManagement.EndToEndTest_visitorManagement" name="visitorManagement_AddStaff" time="0.000">
    <skipped/>
  </testcase> <!-- visitorManagement_AddStaff -->
  <system-out/>
  <testcase classname="VisitorManagement.EndToEndTest_visitorManagement" name="visitorManagemet_Login" time="0.000">
    <skipped/>
  </testcase> <!-- visitorManagemet_Login -->
  <system-out/>
  <testcase classname="VisitorManagement.EndToEndTest_visitorManagement" name="visitorManagemet_Login" time="0.000">
    <skipped/>
  </testcase> <!-- visitorManagemet_Login -->
  <system-out/>
  <testcase classname="VisitorManagement.EndToEndTest_visitorManagement" name="visitorManagemet_Login" time="0.000">
    <skipped/>
  </testcase> <!-- visitorManagemet_Login -->
  <system-out/>
  <testcase classname="VisitorManagement.EndToEndTest_visitorManagement" name="visitorManagement_SearchStaff" time="0.000">
    <skipped/>
  </testcase> <!-- visitorManagement_SearchStaff -->
  <system-out/>
  <testcase classname="VisitorManagement.EndToEndTest_visitorManagement" name="visitorManagement_SearchStaff" time="0.000">
    <skipped/>
  </testcase> <!-- visitorManagement_SearchStaff -->
  <system-out/>
  <testcase classname="VisitorManagement.EndToEndTest_visitorManagement" name="visitManagement_SearchSystemUser" time="0.000">
    <skipped/>
  </testcase> <!-- visitManagement_SearchSystemUser -->
  <system-out/>
</testsuite> <!-- VisitorManagement.EndToEndTest_visitorManagement -->
